<?xml version="1.0" encoding="UTF-8"?>
<rss version="2.0" xmlns:podcast="https://github.com/Podcastindex-org/podcast-namespace/blob/main/docs/1.0.md">
  <channel>
    <title>Test Podcast</title>
    <description>Test podcast for V4V payments</description>
    <podcast:value type="lightning" method="keysend">
      <podcast:valueRecipient name="Test Creator" type="node" address="02eec7245d6b7d2ccb30380bfbe2a3648cd7a942653f5aa340edcea1f283686619" split="100" />
    </podcast:value>
    <podcast:value type="lightning" method="keysend">
      <podcast:valueRecipient name="Lightning Address Test" type="lightning" address="chadf@getalby.com" split="100" />
    </podcast:value>
    <item>
      <title>Test Episode</title>
      <description>Test episode for V4V payments</description>
    </item>
  </channel>
</rss> 